<?xml version="1.0" encoding="utf-8"?>
<OfficeApp xmlns="http://schemas.microsoft.com/office/appforoffice/1.1" 
  xmlns:xsi="http://www.w3.org/2001/XMLSchema-instance" 
  xmlns:bt="http://schemas.microsoft.com/office/officeappbasictypes/1.0" 
  xmlns:ov="http://schemas.microsoft.com/office/taskpaneappversionoverrides" xsi:type="TaskPaneApp">
  <Id>ca968be6-628b-4f14-ba3c-3e614effa9bd</Id>
  <Version>1.0.0.0</Version>
  <ProviderName>Contoso</ProviderName>
  <DefaultLocale>en-US</DefaultLocale>
  <DisplayName DefaultValue="Contoso Task Pane Add-in"/>
  <Description DefaultValue="A template to get started."/>
  <IconUrl DefaultValue="https://localhost:3000/assets/icon-32.png"/>
  <HighResolutionIconUrl DefaultValue="https://localhost:3000/assets/icon-80.png"/>
  <SupportUrl DefaultValue="https://www.contoso.com/help"/>
  <AppDomains>
    <AppDomain>contoso.com</AppDomain>
  </AppDomains>
  <Hosts>
    <Host Name="Document"/>
    <Host Name="Notebook"/>
    <Host Name="Presentation"/>
    <Host Name="Workbook"/>
  </Hosts>
  <DefaultSettings>
    <SourceLocation DefaultValue="https://localhost:3000/taskpane.html"/>
  </DefaultSettings>
  <Permissions>ReadWriteDocument</Permissions>
  <VersionOverrides xmlns="http://schemas.microsoft.com/office/taskpaneappversionoverrides" xsi:type="VersionOverridesV1_0">
    <Hosts>
      <Host xsi:type="Document">
        <AllFormFactors>
        </AllFormFactors>
      </Host>
      <Host xsi:type="Notebook">
        <AllFormFactors>
        </AllFormFactors>
      </Host>
      <Host xsi:type="Presentation">
        <AllFormFactors>
        </AllFormFactors>
      </Host>
      <Host xsi:type="Workbook">
        <AllFormFactors>
        </AllFormFactors>
      </Host>
    </Hosts>
    <Resources>
      <bt:Images>
        <bt:Image id="Contoso.tpicon_16x16" DefaultValue="https://localhost:3000/assets/icon-16.png"/>
        <bt:Image id="Contoso.tpicon_32x32" DefaultValue="https://localhost:3000/assets/icon-32.png"/>
        <bt:Image id="Contoso.tpicon_80x80" DefaultValue="https://localhost:3000/assets/icon-80.png"/>
      </bt:Images>
      <bt:Urls>
        <bt:Url id="Contoso.GetStarted.LearnMoreUrl" DefaultValue="https://go.microsoft.com/fwlink/?LinkId=276812" />
        <bt:Url id="Contoso.Ribbon.Url" DefaultValue="https://localhost:3000/commands.html" />
        <bt:Url id="Contoso.Taskpane.Url" DefaultValue="https://localhost:3000/taskpane.html" />
      </bt:Urls>
      <bt:ShortStrings>
        <bt:String id="Contoso.Functions.Namespace" DefaultValue="CONTOSO" />
        <bt:String id="Contoso.GetStarted.Title" DefaultValue="Get started with your sample add-in!" />
        <bt:String id="Contoso.Group1Label" DefaultValue="Commands Group" />
        <bt:String id="Contoso.TaskpaneButton.Label" DefaultValue="Show Taskpane" />
      </bt:ShortStrings>
      <bt:LongStrings>
        <bt:String id="Contoso.GetStarted.Description" DefaultValue="Your sample add-in loaded succesfully. Go to the HOME tab and click the 'Show Taskpane' button to get started." />
        <bt:String id="Contoso.TaskpaneButton.Tooltip" DefaultValue="Click to Show a Taskpane" />
      </bt:LongStrings>
    </Resources>
  </VersionOverrides>
</OfficeApp>